Using pre-set license
Built from '2020.3/staging' branch; Version is '2020.3.32f1 (12f8b0834f07) revision 1243312'; Using compiler version '192528614'; Build Type 'Release'
OS: 'Windows 10  (10.0.19043) 64bit Core' Language: 'en' Physical Memory: 12109 MB
BatchMode: 1, IsHumanControllingUs: 0, StartBugReporterOnCrash: 0, Is64bit: 1, IsPro: 0

COMMAND LINE ARGUMENTS:
C:\Program Files\Unity\Hub\Editor\2020.3.32f1\Editor\Unity.exe
-adb2
-batchMode
-noUpm
-name
AssetImportWorker1
-projectPath
C:/Users/ariou/source/repos/SpaceRTS/SpaceRTS
-logFile
Logs/AssetImportWorker1.log
-srvPort
51206
Successfully changed project path to: C:/Users/ariou/source/repos/SpaceRTS/SpaceRTS
C:/Users/ariou/source/repos/SpaceRTS/SpaceRTS
Using Asset Import Pipeline V2.
Refreshing native plugins compatible for Editor in 95.03 ms, found 3 plugins.
Preloading 0 native plugins for Editor in 0.00 ms.
Initialize engine version: 2020.3.32f1 (12f8b0834f07)
[Subsystems] Discovering subsystems at path C:/Program Files/Unity/Hub/Editor/2020.3.32f1/Editor/Data/Resources/UnitySubsystems
[Subsystems] Discovering subsystems at path C:/Users/ariou/source/repos/SpaceRTS/SpaceRTS/Assets
GfxDevice: creating device client; threaded=0
Direct3D:
    Version:  Direct3D 11.0 [level 11.1]
    Renderer: Intel(R) UHD Graphics (ID=0x9b41)
    Vendor:   
    VRAM:     6054 MB
    Driver:   26.20.100.6911
Initialize mono
Mono path[0] = 'C:/Program Files/Unity/Hub/Editor/2020.3.32f1/Editor/Data/Managed'
Mono path[1] = 'C:/Program Files/Unity/Hub/Editor/2020.3.32f1/Editor/Data/MonoBleedingEdge/lib/mono/unityjit'
Mono config path = 'C:/Program Files/Unity/Hub/Editor/2020.3.32f1/Editor/Data/MonoBleedingEdge/etc'
Using monoOptions --debugger-agent=transport=dt_socket,embedding=1,server=y,suspend=n,address=127.0.0.1:56824
Begin MonoManager ReloadAssembly
Registering precompiled unity dll's ...
Register platform support module: C:/Program Files/Unity/Hub/Editor/2020.3.32f1/Editor/Data/PlaybackEngines/WebGLSupport/UnityEditor.WebGL.Extensions.dll
Register platform support module: C:/Program Files/Unity/Hub/Editor/2020.3.32f1/Editor/Data/PlaybackEngines/WindowsStandaloneSupport/UnityEditor.WindowsStandalone.Extensions.dll
Registered in 0.006315 seconds.
Native extension for WindowsStandalone target not found
Native extension for WebGL target not found
Refreshing native plugins compatible for Editor in 143.88 ms, found 3 plugins.
Preloading 0 native plugins for Editor in 0.00 ms.
Mono: successfully reloaded assembly
- Completed reload, in  1.983 seconds
Domain Reload Profiling:
	ReloadAssembly (1983ms)
		BeginReloadAssembly (198ms)
			ExecutionOrderSort (0ms)
			DisableScriptedObjects (0ms)
			BackupInstance (0ms)
			ReleaseScriptingObjects (0ms)
			CreateAndSetChildDomain (4ms)
		EndReloadAssembly (1593ms)
			LoadAssemblies (234ms)
			RebuildTransferFunctionScriptingTraits (0ms)
			SetupTypeCache (473ms)
			ReleaseScriptCaches (0ms)
			RebuildScriptCaches (98ms)
			SetupLoadedEditorAssemblies (593ms)
				LogAssemblyErrors (0ms)
				InitializePlatformSupportModulesInManaged (17ms)
				SetLoadedEditorAssemblies (1ms)
				RefreshPlugins (144ms)
				BeforeProcessingInitializeOnLoad (54ms)
				ProcessInitializeOnLoadAttributes (240ms)
				ProcessInitializeOnLoadMethodAttributes (136ms)
				AfterProcessingInitializeOnLoad (0ms)
				EditorAssembliesLoaded (1ms)
			ExecutionOrderSort2 (0ms)
			AwakeInstancesAfterBackupRestoration (0ms)
Platform modules already initialized, skipping
Registering precompiled user dll's ...
Registered in 0.016215 seconds.
Begin MonoManager ReloadAssembly
Can't find custom attr constructor image: C:\Users\ariou\source\repos\SpaceRTS\SpaceRTS\Assets\GameLogic.dll mtoken: 0x0a00000d due to: Could not load file or assembly 'FSharp.Core, Version=5.0.0.0, Culture=neutral, PublicKeyToken=b03f5f7f11d50a3a' or one of its dependencies. assembly:FSharp.Core, Version=5.0.0.0, Culture=neutral, PublicKeyToken=b03f5f7f11d50a3a type:<unknown type> member:(null) signature:<none>
Can't find custom attr constructor image: C:\Users\ariou\source\repos\SpaceRTS\SpaceRTS\Assets\GameLogic.dll mtoken: 0x0a00000d due to: Could not load file or assembly 'FSharp.Core, Version=5.0.0.0, Culture=neutral, PublicKeyToken=b03f5f7f11d50a3a' or one of its dependencies. assembly:FSharp.Core, Version=5.0.0.0, Culture=neutral, PublicKeyToken=b03f5f7f11d50a3a type:<unknown type> member:(null) signature:<none>
Can't find custom attr constructor image: C:\Users\ariou\source\repos\SpaceRTS\SpaceRTS\Assets\GameLogic.dll mtoken: 0x0a000012 due to: Could not load file or assembly 'FSharp.Core, Version=5.0.0.0, Culture=neutral, PublicKeyToken=b03f5f7f11d50a3a' or one of its dependencies. assembly:FSharp.Core, Version=5.0.0.0, Culture=neutral, PublicKeyToken=b03f5f7f11d50a3a type:<unknown type> member:(null) signature:<none>
Can't find custom attr constructor image: C:\Users\ariou\source\repos\SpaceRTS\SpaceRTS\Assets\GameLogic.dll mtoken: 0x0a000012 due to: Could not load file or assembly 'FSharp.Core, Version=5.0.0.0, Culture=neutral, PublicKeyToken=b03f5f7f11d50a3a' or one of its dependencies. assembly:FSharp.Core, Version=5.0.0.0, Culture=neutral, PublicKeyToken=b03f5f7f11d50a3a type:<unknown type> member:(null) signature:<none>
Can't find custom attr constructor image: C:\Users\ariou\source\repos\SpaceRTS\SpaceRTS\Assets\GameLogic.dll mtoken: 0x0a00000d due to: Could not load file or assembly 'FSharp.Core, Version=5.0.0.0, Culture=neutral, PublicKeyToken=b03f5f7f11d50a3a' or one of its dependencies. assembly:FSharp.Core, Version=5.0.0.0, Culture=neutral, PublicKeyToken=b03f5f7f11d50a3a type:<unknown type> member:(null) signature:<none>
Can't find custom attr constructor image: C:\Users\ariou\source\repos\SpaceRTS\SpaceRTS\Assets\GameLogic.dll mtoken: 0x0a00000d due to: Could not load file or assembly 'FSharp.Core, Version=5.0.0.0, Culture=neutral, PublicKeyToken=b03f5f7f11d50a3a' or one of its dependencies. assembly:FSharp.Core, Version=5.0.0.0, Culture=neutral, PublicKeyToken=b03f5f7f11d50a3a type:<unknown type> member:(null) signature:<none>
Can't find custom attr constructor image: C:\Users\ariou\source\repos\SpaceRTS\SpaceRTS\Assets\GameLogic.dll mtoken: 0x0a000012 due to: Could not load file or assembly 'FSharp.Core, Version=5.0.0.0, Culture=neutral, PublicKeyToken=b03f5f7f11d50a3a' or one of its dependencies. assembly:FSharp.Core, Version=5.0.0.0, Culture=neutral, PublicKeyToken=b03f5f7f11d50a3a type:<unknown type> member:(null) signature:<none>
Can't find custom attr constructor image: C:\Users\ariou\source\repos\SpaceRTS\SpaceRTS\Assets\GameLogic.dll mtoken: 0x0a000012 due to: Could not load file or assembly 'FSharp.Core, Version=5.0.0.0, Culture=neutral, PublicKeyToken=b03f5f7f11d50a3a' or one of its dependencies. assembly:FSharp.Core, Version=5.0.0.0, Culture=neutral, PublicKeyToken=b03f5f7f11d50a3a type:<unknown type> member:(null) signature:<none>
Can't find custom attr constructor image: C:\Users\ariou\source\repos\SpaceRTS\SpaceRTS\Assets\GameLogic.dll mtoken: 0x0a00000d due to: Could not load file or assembly 'FSharp.Core, Version=5.0.0.0, Culture=neutral, PublicKeyToken=b03f5f7f11d50a3a' or one of its dependencies. assembly:FSharp.Core, Version=5.0.0.0, Culture=neutral, PublicKeyToken=b03f5f7f11d50a3a type:<unknown type> member:(null) signature:<none>
Can't find custom attr constructor image: C:\Users\ariou\source\repos\SpaceRTS\SpaceRTS\Assets\GameLogic.dll mtoken: 0x0a00000d due to: Could not load file or assembly 'FSharp.Core, Version=5.0.0.0, Culture=neutral, PublicKeyToken=b03f5f7f11d50a3a' or one of its dependencies. assembly:FSharp.Core, Version=5.0.0.0, Culture=neutral, PublicKeyToken=b03f5f7f11d50a3a type:<unknown type> member:(null) signature:<none>
Can't find custom attr constructor image: C:\Users\ariou\source\repos\SpaceRTS\SpaceRTS\Assets\GameLogic.dll mtoken: 0x0a00000d due to: Could not load file or assembly 'FSharp.Core, Version=5.0.0.0, Culture=neutral, PublicKeyToken=b03f5f7f11d50a3a' or one of its dependencies. assembly:FSharp.Core, Version=5.0.0.0, Culture=neutral, PublicKeyToken=b03f5f7f11d50a3a type:<unknown type> member:(null) signature:<none>
Can't find custom attr constructor image: C:\Users\ariou\source\repos\SpaceRTS\SpaceRTS\Assets\GameLogic.dll mtoken: 0x0a00000d due to: Could not load file or assembly 'FSharp.Core, Version=5.0.0.0, Culture=neutral, PublicKeyToken=b03f5f7f11d50a3a' or one of its dependencies. assembly:FSharp.Core, Version=5.0.0.0, Culture=neutral, PublicKeyToken=b03f5f7f11d50a3a type:<unknown type> member:(null) signature:<none>
Can't find custom attr constructor image: C:\Users\ariou\source\repos\SpaceRTS\SpaceRTS\Assets\GameLogic.dll mtoken: 0x0a00000d due to: Could not load file or assembly 'FSharp.Core, Version=5.0.0.0, Culture=neutral, PublicKeyToken=b03f5f7f11d50a3a' or one of its dependencies. assembly:FSharp.Core, Version=5.0.0.0, Culture=neutral, PublicKeyToken=b03f5f7f11d50a3a type:<unknown type> member:(null) signature:<none>
Error: Could not load signature of Apply+Option:apply due to: Could not load file or assembly 'FSharp.Core, Version=5.0.0.0, Culture=neutral, PublicKeyToken=b03f5f7f11d50a3a' or one of its dependencies. assembly:FSharp.Core, Version=5.0.0.0, Culture=neutral, PublicKeyToken=b03f5f7f11d50a3a type:<unknown type> member:(null) signature:<none>
Could not allocate 8192 bytes
Crash!!!
SymInit: Symbol-SearchPath: 'C:/Program Files/Unity/Hub/Editor/2020.3.32f1/Editor/Data/Mono;.;C:\Users\ariou\source\repos\SpaceRTS\SpaceRTS;C:\Program Files\Unity\Hub\Editor\2020.3.32f1\Editor;C:\Windows;C:\Windows\system32;SRV*C:\websymbols*http://msdl.microsoft.com/download/symbols;', symOptions: 534, UserName: 'ariou'
OS-Version: 10.0.0
C:\Program Files\Unity\Hub\Editor\2020.3.32f1\Editor\Unity.exe:Unity.exe (00007FF621070000), size: 83607552 (result: 0), SymType: '-deferred-', PDB: '', fileVersion: 2020.3.32.63664
C:\Windows\SYSTEM32\ntdll.dll:ntdll.dll (00007FFD97710000), size: 2052096 (result: 0), SymType: '-deferred-', PDB: '', fileVersion: 10.0.19041.1566
C:\Windows\System32\KERNEL32.DLL:KERNEL32.DLL (00007FFD95C30000), size: 778240 (result: 0), SymType: '-deferred-', PDB: '', fileVersion: 10.0.19041.1566
C:\Windows\System32\KERNELBASE.dll:KERNELBASE.dll (00007FFD94E30000), size: 2916352 (result: 0), SymType: '-deferred-', PDB: '', fileVersion: 10.0.19041.1566
C:\Windows\SYSTEM32\apphelp.dll:apphelp.dll (00007FFD8F250000), size: 589824 (result: 0), SymType: '-deferred-', PDB: '', fileVersion: 10.0.19041.1320
C:\Windows\System32\CRYPT32.dll:CRYPT32.dll (00007FFD954A0000), size: 1400832 (result: 0), SymType: '-deferred-', PDB: '', fileVersion: 10.0.19041.1320
C:\Windows\System32\ucrtbase.dll:ucrtbase.dll (00007FFD95670000), size: 1048576 (result: 0), SymType: '-deferred-', PDB: '', fileVersion: 10.0.19041.789
C:\Windows\System32\USER32.dll:USER32.dll (00007FFD97530000), size: 1703936 (result: 0), SymType: '-deferred-', PDB: '', fileVersion: 10.0.19041.1503
C:\Windows\System32\win32u.dll:win32u.dll (00007FFD95130000), size: 139264 (result: 0), SymType: '-deferred-', PDB: '', fileVersion: 10.0.19041.1586
C:\Windows\System32\GDI32.dll:GDI32.dll (00007FFD95CF0000), size: 176128 (result: 0), SymType: '-deferred-', PDB: '', fileVersion: 10.0.19041.1202
C:\Windows\System32\gdi32full.dll:gdi32full.dll (00007FFD95160000), size: 1093632 (result: 0), SymType: '-deferred-', PDB: '', fileVersion: 10.0.19041.1566
C:\Program Files\Unity\Hub\Editor\2020.3.32f1\Editor\libfbxsdk.dll:libfbxsdk.dll (00007FFD57950000), size: 10215424 (result: 0), SymType: '-deferred-', PDB: '', fileVersion: 2020.2.0.0
C:\Program Files\Unity\Hub\Editor\2020.3.32f1\Editor\OpenImageDenoise.dll:OpenImageDenoise.dll (00007FFD33DB0000), size: 43806720 (result: 0), SymType: '-deferred-', PDB: ''
C:\Windows\System32\msvcp_win.dll:msvcp_win.dll (00007FFD95400000), size: 643072 (result: 0), SymType: '-deferred-', PDB: '', fileVersion: 10.0.19041.789
C:\Program Files\Unity\Hub\Editor\2020.3.32f1\Editor\optix.6.0.0.dll:optix.6.0.0.dll (00007FFD8BF20000), size: 208896 (result: 0), SymType: '-deferred-', PDB: '', fileVersion: 6.0.0.0
C:\Windows\System32\ADVAPI32.dll:ADVAPI32.dll (00007FFD96CB0000), size: 712704 (result: 0), SymType: '-deferred-', PDB: '', fileVersion: 10.0.19041.1466
C:\Program Files\Unity\Hub\Editor\2020.3.32f1\Editor\FreeImage.dll:FreeImage.dll (0000000180000000), size: 6582272 (result: 0), SymType: '-deferred-', PDB: '', fileVersion: 3.18.0.0
C:\Windows\System32\msvcrt.dll:msvcrt.dll (00007FFD95D20000), size: 647168 (result: 0), SymType: '-deferred-', PDB: '', fileVersion: 7.0.19041.546
C:\Program Files\Unity\Hub\Editor\2020.3.32f1\Editor\umbraoptimizer64.dll:umbraoptimizer64.dll (00007FFD75AC0000), size: 1306624 (result: 0), SymType: '-deferred-', PDB: ''
C:\Windows\System32\WS2_32.dll:WS2_32.dll (00007FFD96A20000), size: 438272 (result: 0), SymType: '-deferred-', PDB: '', fileVersion: 10.0.19041.546
C:\Windows\System32\sechost.dll:sechost.dll (00007FFD96BB0000), size: 638976 (result: 0), SymType: '-deferred-', PDB: '', fileVersion: 10.0.19041.1586
C:\Windows\System32\RPCRT4.dll:RPCRT4.dll (00007FFD958F0000), size: 1200128 (result: 0), SymType: '-deferred-', PDB: '', fileVersion: 10.0.19041.1466
C:\Windows\System32\WLDAP32.dll:WLDAP32.dll (00007FFD95AA0000), size: 352256 (result: 0), SymType: '-deferred-', PDB: '', fileVersion: 10.0.19041.546
C:\Program Files\Unity\Hub\Editor\2020.3.32f1\Editor\ispc_texcomp.dll:ispc_texcomp.dll (00007FFD5E0D0000), size: 1609728 (result: 0), SymType: '-deferred-', PDB: ''
C:\Windows\System32\Normaliz.dll:Normaliz.dll (00007FFD95EA0000), size: 32768 (result: 0), SymType: '-deferred-', PDB: '', fileVersion: 10.0.19041.546
C:\Program Files\Unity\Hub\Editor\2020.3.32f1\Editor\WinPixEventRuntime.dll:WinPixEventRuntime.dll (00007FFD8F1F0000), size: 45056 (result: 0), SymType: '-deferred-', PDB: '', fileVersion: 1.0.1812.6001
C:\Windows\System32\SHELL32.dll:SHELL32.dll (00007FFD95EB0000), size: 7618560 (result: 0), SymType: '-deferred-', PDB: '', fileVersion: 10.0.19041.1566
C:\Program Files\Unity\Hub\Editor\2020.3.32f1\Editor\tbb.dll:tbb.dll (00007FFD89100000), size: 413696 (result: 0), SymType: '-deferred-', PDB: '', fileVersion: 2017.0.2016.1004
C:\Windows\SYSTEM32\VCRUNTIME140.dll:VCRUNTIME140.dll (00007FFD82780000), size: 110592 (result: 0), SymType: '-deferred-', PDB: '', fileVersion: 14.31.30818.0
C:\Windows\System32\SHLWAPI.dll:SHLWAPI.dll (00007FFD96C50000), size: 348160 (result: 0), SymType: '-deferred-', PDB: '', fileVersion: 10.0.19041.1023
C:\Windows\System32\ole32.dll:ole32.dll (00007FFD95B00000), size: 1220608 (result: 0), SymType: '-deferred-', PDB: '', fileVersion: 10.0.19041.1202
C:\Windows\SYSTEM32\MSVCP120.dll:MSVCP120.dll (00007FFD752A0000), size: 679936 (result: 0), SymType: '-deferred-', PDB: '', fileVersion: 12.0.40649.5
C:\Windows\SYSTEM32\MSVCR120.dll:MSVCR120.dll (00007FFD75DE0000), size: 978944 (result: 0), SymType: '-deferred-', PDB: '', fileVersion: 12.0.40649.5
C:\Windows\SYSTEM32\MSVCP140.dll:MSVCP140.dll (00007FFD7E060000), size: 581632 (result: 0), SymType: '-deferred-', PDB: '', fileVersion: 14.31.30818.0
C:\Windows\System32\combase.dll:combase.dll (00007FFD96690000), size: 3489792 (result: 0), SymType: '-deferred-', PDB: '', fileVersion: 10.0.19041.1566
C:\Windows\SYSTEM32\VCRUNTIME140_1.dll:VCRUNTIME140_1.dll (00007FFD7DF80000), size: 49152 (result: 0), SymType: '-deferred-', PDB: '', fileVersion: 14.31.30818.0
C:\Windows\SYSTEM32\GLU32.dll:GLU32.dll (00007FFD65A30000), size: 180224 (result: 0), SymType: '-deferred-', PDB: '', fileVersion: 10.0.19041.1566
C:\Windows\System32\IMM32.dll:IMM32.dll (00007FFD969F0000), size: 196608 (result: 0), SymType: '-deferred-', PDB: '', fileVersion: 10.0.19041.546
C:\Windows\SYSTEM32\OPENGL32.dll:OPENGL32.dll (00007FFD65A60000), size: 1204224 (result: 0), SymType: '-deferred-', PDB: '', fileVersion: 10.0.19041.1566
C:\Windows\System32\SETUPAPI.dll:SETUPAPI.dll (00007FFD96F10000), size: 4653056 (result: 0), SymType: '-deferred-', PDB: '', fileVersion: 10.0.19041.1566
C:\Windows\System32\cfgmgr32.dll:cfgmgr32.dll (00007FFD95300000), size: 319488 (result: 0), SymType: '-deferred-', PDB: '', fileVersion: 10.0.19041.1151
C:\Windows\SYSTEM32\IPHLPAPI.DLL:IPHLPAPI.DLL (00007FFD941D0000), size: 241664 (result: 0), SymType: '-deferred-', PDB: '', fileVersion: 10.0.19041.546
C:\Windows\System32\bcrypt.dll:bcrypt.dll (00007FFD95100000), size: 159744 (result: 0), SymType: '-deferred-', PDB: '', fileVersion: 10.0.19041.1023
C:\Windows\System32\OLEAUT32.dll:OLEAUT32.dll (00007FFD95770000), size: 839680 (result: 0), SymType: '-deferred-', PDB: '', fileVersion: 10.0.19041.985
C:\Windows\SYSTEM32\WINMM.dll:WINMM.dll (00007FFD661B0000), size: 159744 (result: 0), SymType: '-deferred-', PDB: '', fileVersion: 10.0.19041.546
C:\Windows\SYSTEM32\WINHTTP.dll:WINHTTP.dll (00007FFD89760000), size: 1085440 (result: 0), SymType: '-deferred-', PDB: '', fileVersion: 10.0.19041.1566
C:\Windows\SYSTEM32\HID.DLL:HID.DLL (00007FFD93680000), size: 53248 (result: 0), SymType: '-deferred-', PDB: '', fileVersion: 10.0.19041.546
C:\Windows\System32\WINTRUST.dll:WINTRUST.dll (00007FFD95600000), size: 425984 (result: 0), SymType: '-deferred-', PDB: '', fileVersion: 10.0.19041.1566
C:\Program Files\Unity\Hub\Editor\2020.3.32f1\Editor\RadeonImageFilters.dll:RadeonImageFilters.dll (00007FFD59920000), size: 2535424 (result: 0), SymType: '-deferred-', PDB: '', fileVersion: 1.5.1.0
C:\Program Files\Unity\Hub\Editor\2020.3.32f1\Editor\SketchUpAPI.dll:SketchUpAPI.dll (00007FFD55470000), size: 8978432 (result: 0), SymType: '-deferred-', PDB: '', fileVersion: 19.0.753.0
C:\Windows\SYSTEM32\VERSION.dll:VERSION.dll (00007FFD8A070000), size: 40960 (result: 0), SymType: '-deferred-', PDB: '', fileVersion: 10.0.19041.546
C:\Windows\SYSTEM32\WSOCK32.dll:WSOCK32.dll (00007FFD8B890000), size: 36864 (result: 0), SymType: '-deferred-', PDB: '', fileVersion: 10.0.19041.1
C:\Program Files\Unity\Hub\Editor\2020.3.32f1\Editor\SketchUpCommonPreferences.dll:SketchUpCommonPreferences.dll (00007FFD880D0000), size: 483328 (result: 0), SymType: '-deferred-', PDB: '', fileVersion: 19.0.753.20342
C:\Windows\SYSTEM32\Secur32.dll:Secur32.dll (00007FFD773F0000), size: 49152 (result: 0), SymType: '-deferred-', PDB: '', fileVersion: 10.0.19041.546
C:\Windows\SYSTEM32\SSPICLI.DLL:SSPICLI.DLL (00007FFD94CF0000), size: 204800 (result: 0), SymType: '-deferred-', PDB: '', fileVersion: 10.0.19041.1586
C:\Program Files\Unity\Hub\Editor\2020.3.32f1\Editor\OpenRL.dll:OpenRL.dll (00000187A11A0000), size: 12779520 (result: 0), SymType: '-deferred-', PDB: '', fileVersion: 1.5.0.2907
C:\Windows\SYSTEM32\MSVCR100.dll:MSVCR100.dll (0000000065770000), size: 860160 (result: 0), SymType: '-deferred-', PDB: '', fileVersion: 10.0.40219.325
C:\Windows\SYSTEM32\MSVCP100.dll:MSVCP100.dll (0000000065850000), size: 622592 (result: 0), SymType: '-deferred-', PDB: '', fileVersion: 10.0.40219.325
C:\Program Files\Unity\Hub\Editor\2020.3.32f1\Editor\embree.dll:embree.dll (00007FFD52D10000), size: 16711680 (result: 0), SymType: '-deferred-', PDB: '', fileVersion: 2.14.0.0
C:\Windows\SYSTEM32\MSWSOCK.DLL:MSWSOCK.DLL (00007FFD944D0000), size: 434176 (result: 8), SymType: '-unknown-', PDB: '', fileVersion: 10.0.19041.546
C:\Program Files\Unity\Hub\Editor\2020.3.32f1\Editor\OpenRL_pthread.dll:OpenRL_pthread.dll (00000187A10C0000), size: 61440 (result: 0), SymType: '-deferred-', PDB: '', fileVersion: 2.9.0.0
C:\Windows\SYSTEM32\MSASN1.dll:MSASN1.dll (00007FFD949A0000), size: 73728 (result: 8), SymType: '-unknown-', PDB: '', fileVersion: 10.0.19041.546
C:\Windows\SYSTEM32\kernel.appcore.dll:kernel.appcore.dll (00007FFD936E0000), size: 73728 (result: 0), SymType: '-deferred-', PDB: '', fileVersion: 10.0.19041.546
C:\Windows\System32\bcryptPrimitives.dll:bcryptPrimitives.dll (00007FFD95270000), size: 532480 (result: 0), SymType: '-deferred-', PDB: '', fileVersion: 10.0.19041.1415
C:\Windows\system32\uxtheme.dll:uxtheme.dll (00007FFD8F410000), size: 647168 (result: 0), SymType: '-deferred-', PDB: '', fileVersion: 10.0.19041.1266
C:\Windows\System32\shcore.dll:shcore.dll (00007FFD95840000), size: 708608 (result: 0), SymType: '-deferred-', PDB: '', fileVersion: 10.0.19041.1566
C:\Windows\SYSTEM32\windows.storage.dll:windows.storage.dll (00007FFD92EE0000), size: 7946240 (result: 0), SymType: '-deferred-', PDB: '', fileVersion: 10.0.19041.1566
C:\Windows\SYSTEM32\Wldp.dll:Wldp.dll (00007FFD94820000), size: 180224 (result: 0), SymType: '-deferred-', PDB: '', fileVersion: 10.0.19041.1566
C:\Windows\SYSTEM32\profapi.dll:profapi.dll (00007FFD94D70000), size: 126976 (result: 0), SymType: '-deferred-', PDB: '', fileVersion: 10.0.19041.844
C:\Windows\System32\clbcatq.dll:clbcatq.dll (00007FFD96B00000), size: 692224 (result: 0), SymType: '-deferred-', PDB: '', fileVersion: 2001.12.10941.16384
C:\Windows\System32\netprofm.dll:netprofm.dll (00007FFD8C6F0000), size: 253952 (result: 0), SymType: '-deferred-', PDB: '', fileVersion: 10.0.19041.906
C:\Windows\System32\npmproxy.dll:npmproxy.dll (00007FFD88880000), size: 65536 (result: 0), SymType: '-deferred-', PDB: '', fileVersion: 10.0.19041.906
C:\Windows\System32\NSI.dll:NSI.dll (00007FFD96A90000), size: 32768 (result: 0), SymType: '-deferred-', PDB: '', fileVersion: 10.0.19041.610
C:\Windows\SYSTEM32\dhcpcsvc6.DLL:dhcpcsvc6.DLL (00007FFD88AD0000), size: 94208 (result: 8), SymType: '-unknown-', PDB: '', fileVersion: 10.0.19041.546
C:\Windows\SYSTEM32\dhcpcsvc.DLL:dhcpcsvc.DLL (00007FFD88AB0000), size: 118784 (result: 0), SymType: '-deferred-', PDB: '', fileVersion: 10.0.19041.546
C:\Windows\SYSTEM32\DNSAPI.dll:DNSAPI.dll (00007FFD94220000), size: 827392 (result: 0), SymType: '-deferred-', PDB: '', fileVersion: 10.0.19041.1566
C:\Windows\System32\fwpuclnt.dll:fwpuclnt.dll (00007FFD83030000), size: 520192 (result: 0), SymType: '-deferred-', PDB: '', fileVersion: 10.0.19041.1526
C:\Windows\System32\rasadhlp.dll:rasadhlp.dll (00007FFD89EB0000), size: 40960 (result: 0), SymType: '-deferred-', PDB: '', fileVersion: 10.0.19041.546
C:\Program Files\Unity\Hub\Editor\2020.3.32f1\Editor\Data\Tools\astcenc-avx2.dll:astcenc-avx2.dll (00007FFD5D840000), size: 557056 (result: 0), SymType: '-deferred-', PDB: ''
C:\Windows\SYSTEM32\d3d11.dll:d3d11.dll (00007FFD8D730000), size: 2506752 (result: 0), SymType: '-deferred-', PDB: '', fileVersion: 10.0.19041.1202
C:\Windows\SYSTEM32\dxgi.dll:dxgi.dll (00007FFD93700000), size: 995328 (result: 0), SymType: '-deferred-', PDB: '', fileVersion: 10.0.19041.1566
C:\Windows\System32\DriverStore\FileRepository\iigd_dch.inf_amd64_ea63d1eddd5853b5\igd10iumd64.dll:igd10iumd64.dll (00007FFD85A70000), size: 15716352 (result: 0), SymType: '-deferred-', PDB: '', fileVersion: 26.20.100.6911
C:\Windows\SYSTEM32\ncrypt.dll:ncrypt.dll (00007FFD94890000), size: 159744 (result: 0), SymType: '-deferred-', PDB: '', fileVersion: 10.0.19041.662
C:\Windows\SYSTEM32\NTASN1.dll:NTASN1.dll (00007FFD94850000), size: 241664 (result: 0), SymType: '-deferred-', PDB: '', fileVersion: 10.0.19041.546
C:\Windows\System32\DriverStore\FileRepository\iigd_dch.inf_amd64_ea63d1eddd5853b5\igdgmm64.dll:igdgmm64.dll (00007FFD85850000), size: 1179648 (result: 0), SymType: '-deferred-', PDB: '', fileVersion: 26.20.100.6911
C:\Windows\System32\DriverStore\FileRepository\iigd_dch.inf_amd64_ea63d1eddd5853b5\igc64.dll:igc64.dll (00007FFD834F0000), size: 37093376 (result: 0), SymType: '-deferred-', PDB: '', fileVersion: 26.20.100.6911
C:\Windows\SYSTEM32\dxcore.dll:dxcore.dll (00007FFD8C660000), size: 241664 (result: 0), SymType: '-deferred-', PDB: '', fileVersion: 10.0.19041.546
C:\Windows\system32\wbem\wbemprox.dll:wbemprox.dll (00007FFD792F0000), size: 69632 (result: 0), SymType: '-deferred-', PDB: '', fileVersion: 10.0.19041.1320
C:\Windows\SYSTEM32\wbemcomn.dll:wbemcomn.dll (00007FFD7DC60000), size: 589824 (result: 0), SymType: '-deferred-', PDB: '', fileVersion: 10.0.19041.1566
C:\Windows\system32\wbem\wbemsvc.dll:wbemsvc.dll (00007FFD79B40000), size: 81920 (result: 0), SymType: '-deferred-', PDB: '', fileVersion: 10.0.19041.1320
C:\Windows\system32\wbem\fastprox.dll:fastprox.dll (00007FFD78FF0000), size: 1093632 (result: 0), SymType: '-deferred-', PDB: '', fileVersion: 10.0.19041.546
C:\Windows\SYSTEM32\amsi.dll:amsi.dll (00007FFD77730000), size: 102400 (result: 0), SymType: '-deferred-', PDB: '', fileVersion: 10.0.19041.746
C:\Windows\SYSTEM32\USERENV.dll:USERENV.dll (00007FFD94D30000), size: 188416 (result: 0), SymType: '-deferred-', PDB: '', fileVersion: 10.0.19041.572
C:\ProgramData\Microsoft\Windows Defender\Platform\4.18.2202.4-0\MpOav.dll:MpOav.dll (00007FFD776B0000), size: 503808 (result: 0), SymType: '-deferred-', PDB: '', fileVersion: 4.18.2202.4
C:\Windows\SYSTEM32\opencl.dll:opencl.dll (00007FFD5E070000), size: 118784 (result: 0), SymType: '-deferred-', PDB: '', fileVersion: 2.2.1.0
C:\Program Files\Unity\Hub\Editor\2020.3.32f1\Editor\radeonrays.dll:radeonrays.dll (00007FFD5D710000), size: 552960 (result: 0), SymType: '-deferred-', PDB: ''
C:\Program Files\Unity\Hub\Editor\2020.3.32f1\Editor\Data\MonoBleedingEdge\EmbedRuntime\mono-2.0-bdwgc.dll:mono-2.0-bdwgc.dll (00007FFD510D0000), size: 7794688 (result: 0), SymType: '-deferred-', PDB: ''
C:\Windows\System32\PSAPI.DLL:PSAPI.DLL (00007FFD97380000), size: 32768 (result: 0), SymType: '-deferred-', PDB: '', fileVersion: 10.0.19041.546
C:\ProgramData\Microsoft\VisualStudio\Setup\x64\Microsoft.VisualStudio.Setup.Configuration.Native.dll:Microsoft.VisualStudio.Setup.Configuration.Native.dll (00007FFD5DD80000), size: 327680 (result: 0), SymType: '-deferred-', PDB: '', fileVersion: 3.0.4492.23473
C:\Windows\SYSTEM32\dbghelp.dll:dbghelp.dll (00007FFD8FA60000), size: 1982464 (result: 0), SymType: '-deferred-', PDB: '', fileVersion: 10.0.19041.867

========== OUTPUTTING STACK TRACE ==================

  ERROR: SymGetSymFromAddr64, GetLastError: 'The specified module could not be found.' (Address: 00007FFD94E64F69)
0x00007FFD94E64F69 (KERNELBASE) (function-name not available)
  ERROR: SymGetSymFromAddr64, GetLastError: 'Unknown error [-529697949]' (Address: 00007FFD510E6025)
0x00007FFD510E6025 (mono-2.0-bdwgc) (function-name not available)
  ERROR: SymGetSymFromAddr64, GetLastError: 'Unknown error [-529697949]' (Address: 00007FFD510D4D41)
0x00007FFD510D4D41 (mono-2.0-bdwgc) (function-name not available)
  ERROR: SymGetSymFromAddr64, GetLastError: 'Unknown error [-529697949]' (Address: 00007FFD510D4AD4)
0x00007FFD510D4AD4 (mono-2.0-bdwgc) (function-name not available)
  ERROR: SymGetSymFromAddr64, GetLastError: 'Unknown error [-529697949]' (Address: 00007FFD5115CB12)
0x00007FFD5115CB12 (mono-2.0-bdwgc) (function-name not available)
  ERROR: SymGetSymFromAddr64, GetLastError: 'Unknown error [-529697949]' (Address: 00007FFD5115CB89)
0x00007FFD5115CB89 (mono-2.0-bdwgc) (function-name not available)
  ERROR: SymGetSymFromAddr64, GetLastError: 'Unknown error [-529697949]' (Address: 00007FFD5113B49E)
0x00007FFD5113B49E (mono-2.0-bdwgc) (function-name not available)
  ERROR: SymGetSymFromAddr64, GetLastError: 'Unknown error [-529697949]' (Address: 00007FFD51107596)
0x00007FFD51107596 (mono-2.0-bdwgc) (function-name not available)
  ERROR: SymGetSymFromAddr64, GetLastError: 'Unknown error [-529697949]' (Address: 00007FFD511093D7)
0x00007FFD511093D7 (mono-2.0-bdwgc) (function-name not available)
  ERROR: SymGetSymFromAddr64, GetLastError: 'Unknown error [-529697949]' (Address: 00007FFD511F0C33)
0x00007FFD511F0C33 (mono-2.0-bdwgc) (function-name not available)
  ERROR: SymGetSymFromAddr64, GetLastError: 'Unknown error [-529697949]' (Address: 00007FF621EF2831)
0x00007FF621EF2831 (Unity) (function-name not available)
  ERROR: SymGetSymFromAddr64, GetLastError: 'Unknown error [-529697949]' (Address: 00007FF621E9F213)
0x00007FF621E9F213 (Unity) (function-name not available)
  ERROR: SymGetSymFromAddr64, GetLastError: 'Unknown error [-529697949]' (Address: 00007FF621EC66A3)
0x00007FF621EC66A3 (Unity) (function-name not available)
  ERROR: SymGetSymFromAddr64, GetLastError: 'Unknown error [-529697949]' (Address: 00007FF621EBCBD3)
0x00007FF621EBCBD3 (Unity) (function-name not available)
  ERROR: SymGetSymFromAddr64, GetLastError: 'Unknown error [-529697949]' (Address: 00007FF621EC40C7)
0x00007FF621EC40C7 (Unity) (function-name not available)
  ERROR: SymGetSymFromAddr64, GetLastError: 'Unknown error [-529697949]' (Address: 00007FF622BEFA21)
0x00007FF622BEFA21 (Unity) (function-name not available)
  ERROR: SymGetSymFromAddr64, GetLastError: 'Unknown error [-529697949]' (Address: 00007FF622BF0089)
0x00007FF622BF0089 (Unity) (function-name not available)
  ERROR: SymGetSymFromAddr64, GetLastError: 'Unknown error [-529697949]' (Address: 00007FF6228D1754)
0x00007FF6228D1754 (Unity) (function-name not available)
  ERROR: SymGetSymFromAddr64, GetLastError: 'Unknown error [-529697949]' (Address: 00007FF622D50892)
0x00007FF622D50892 (Unity) (function-name not available)
  ERROR: SymGetSymFromAddr64, GetLastError: 'Unknown error [-529697949]' (Address: 00007FF6243EE3EE)
  ERROR: SymGetModuleInfo64, GetLastError: 'Not enough memory resources are available to process this command.' (Address: 00007FF6243EE3EE)
0x00007FF6243EE3EE ((<unknown>)) (function-name not available)
  ERROR: SymGetSymFromAddr64, GetLastError: 'The specified module could not be found.' (Address: 00007FFD95C47034)
  ERROR: SymGetModuleInfo64, GetLastError: 'Not enough memory resources are available to process this command.' (Address: 00007FFD95C47034)
0x00007FFD95C47034 ((<unknown>)) (function-name not available)
  ERROR: SymGetSymFromAddr64, GetLastError: 'The specified module could not be found.' (Address: 00007FFD97762651)
  ERROR: SymGetModuleInfo64, GetLastError: 'Not enough memory resources are available to process this command.' (Address: 00007FFD97762651)
0x00007FFD97762651 ((<unknown>)) (function-name not available)

========== END OF STACKTRACE ===========

A crash has been intercepted by the crash handler. For call stack and other details, see the latest crash report generated in:
 * C:/Users/ariou/AppData/Local/Temp/Unity/Editor/Crashes
